Using pre-set license
Built from '2020.3/release' branch; Version is '2020.3.12f1 (b3b2c6512326) revision 11776710'; Using compiler version '192528614'; Build Type 'Release'
OS: 'Windows 10 Pro; OS build 19044.2130; Version 2009; 64bit' Language: 'tr' Physical Memory: 8073 MB
BatchMode: 1, IsHumanControllingUs: 0, StartBugReporterOnCrash: 0, Is64bit: 1, IsPro: 0

 COMMAND LINE ARGUMENTS:
D:\Unity\Hub\Editor\2020.3.12f1\Editor\Unity.exe
-adb2
-batchMode
-noUpm
-name
AssetImportWorker0
-projectPath
C:/Users/mertc/Documents/GitHub/SaveTheFishGOTA/SaveTheFish/SaveTheFish
-logFile
Logs/AssetImportWorker0.log
-srvPort
56261
Successfully changed project path to: C:/Users/mertc/Documents/GitHub/SaveTheFishGOTA/SaveTheFish/SaveTheFish
C:/Users/mertc/Documents/GitHub/SaveTheFishGOTA/SaveTheFish/SaveTheFish
Using Asset Import Pipeline V2.
Refreshing native plugins compatible for Editor in 184.88 ms, found 5 plugins.
Preloading 0 native plugins for Editor in 0.00 ms.
Initialize engine version: 2020.3.12f1 (b3b2c6512326)
[Subsystems] Discovering subsystems at path D:/Unity/Hub/Editor/2020.3.12f1/Editor/Data/Resources/UnitySubsystems
[Subsystems] Discovering subsystems at path C:/Users/mertc/Documents/GitHub/SaveTheFishGOTA/SaveTheFish/SaveTheFish/Assets
GfxDevice: creating device client; threaded=0
Direct3D:
    Version:  Direct3D 11.0 [level 11.1]
    Renderer: NVIDIA GeForce GTX 1050 Ti (ID=0x1c8c)
    Vendor:   
    VRAM:     4021 MB
    Driver:   31.0.15.2225
Initialize mono
Mono path[0] = 'D:/Unity/Hub/Editor/2020.3.12f1/Editor/Data/Managed'
Mono path[1] = 'D:/Unity/Hub/Editor/2020.3.12f1/Editor/Data/MonoBleedingEdge/lib/mono/unityjit'
Mono config path = 'D:/Unity/Hub/Editor/2020.3.12f1/Editor/Data/MonoBleedingEdge/etc'
Using monoOptions --debugger-agent=transport=dt_socket,embedding=1,server=y,suspend=n,address=127.0.0.1:56032
Begin MonoManager ReloadAssembly
Registering precompiled unity dll's ...
Register platform support module: D:/Unity/Hub/Editor/2020.3.12f1/Editor/Data/PlaybackEngines/WindowsStandaloneSupport/UnityEditor.WindowsStandalone.Extensions.dll
Registered in 0.005147 seconds.
Native extension for WindowsStandalone target not found
Refreshing native plugins compatible for Editor in 68.84 ms, found 5 plugins.
Preloading 0 native plugins for Editor in 0.00 ms.
Mono: successfully reloaded assembly
- Completed reload, in  3.012 seconds
Platform modules already initialized, skipping
Registering precompiled user dll's ...
Registered in 0.021109 seconds.
Begin MonoManager ReloadAssembly
Native extension for WindowsStandalone target not found
Refreshing native plugins compatible for Editor in 69.70 ms, found 5 plugins.
Preloading 0 native plugins for Editor in 0.00 ms.
Mono: successfully reloaded assembly
- Completed reload, in  1.939 seconds
Platform modules already initialized, skipping
========================================================================
Worker process is ready to serve import requests
Launched and connected shader compiler UnityShaderCompiler.exe after 0.27 seconds
Refreshing native plugins compatible for Editor in 1.33 ms, found 5 plugins.
Preloading 0 native plugins for Editor in 0.00 ms.
Unloading 2789 Unused Serialized files (Serialized files now loaded: 0)
System memory in use before: 116.5 MB.
System memory in use after: 116.7 MB.

Unloading 33 unused Assets to reduce memory usage. Loaded Objects now: 3223.
Total: 8.367400 ms (FindLiveObjects: 0.450400 ms CreateObjectMapping: 0.283000 ms MarkObjects: 7.511600 ms  DeleteObjects: 0.120000 ms)

AssetImportParameters requested are different than current active one (requested -> active):
  custom:framework-win-MediaFoundation: 216162199b28c13a410421893ffa2e32 -> 
  custom:video-decoder-ogg-theora: a1e56fd34408186e4bbccfd4996cb3dc -> 
  custom:container-muxer-webm: aa71ff27fc2769a1b78a27578f13a17b -> 
  custom:container-demuxer-webm: 4f35f7cbe854078d1ac9338744f61a02 -> 
  custom:container-demuxer-ogg: 62fdf1f143b41e24485cea50d1cbac27 -> 
  custom:video-encoder-webm-vp8: eb34c28f22e8b96e1ab97ce403110664 -> 
  custom:video-decoder-webm-vp8: 9c59270c3fd7afecdb556c50c9e8de78 -> 
  custom:audio-decoder-ogg-vorbis: bf7c407c2cedff20999df2af8eb42d56 -> 
  custom:audio-encoder-webm-vorbis: bf7c407c2cedff20999df2af8eb42d56 -> 
========================================================================
Received Import Request.
  path: Assets/ikon1.png
  artifactKey: Guid(ff718a77823f7064e944d39bb55489c7) Importer(815301076,1909f56bfc062723c751e8b465ee728b)
Start importing Assets/ikon1.png using Guid(ff718a77823f7064e944d39bb55489c7) Importer(815301076,1909f56bfc062723c751e8b465ee728b)  -> (artifact id: 'de3d39cbc3fbac940c09cf1f8d3420a6') in 0.180012 seconds 
  Import took 0.187695 seconds .

========================================================================
Received Import Request.
  Time since last request: 0.956735 seconds.
  path: Assets/Scenes
  artifactKey: Guid(8c9e4cbad4f756042aece9ef6e9d7fa5) Importer(815301076,1909f56bfc062723c751e8b465ee728b)
Start importing Assets/Scenes using Guid(8c9e4cbad4f756042aece9ef6e9d7fa5) Importer(815301076,1909f56bfc062723c751e8b465ee728b)  -> (artifact id: 'ee5a67f06c80dad141185097a6cfaf17') in 0.008949 seconds 
  Import took 0.014898 seconds .

========================================================================
Received Import Request.
  Time since last request: 0.007822 seconds.
  path: Assets/Scenes
  artifactKey: Guid(8c9e4cbad4f756042aece9ef6e9d7fa5) Importer(815301076,1909f56bfc062723c751e8b465ee728b)
Start importing Assets/Scenes using Guid(8c9e4cbad4f756042aece9ef6e9d7fa5) Importer(815301076,1909f56bfc062723c751e8b465ee728b)  -> (artifact id: 'ee5a67f06c80dad141185097a6cfaf17') in 0.006402 seconds 
  Import took 0.011874 seconds .

========================================================================
Received Import Request.
  Time since last request: 15.553124 seconds.
  path: Assets/Scenes/Level 0.unity
  artifactKey: Guid(ebf879a6f0c21ba4eab991a6ece03f22) Importer(815301076,1909f56bfc062723c751e8b465ee728b)
Start importing Assets/Scenes/Level 0.unity using Guid(ebf879a6f0c21ba4eab991a6ece03f22) Importer(815301076,1909f56bfc062723c751e8b465ee728b)  -> (artifact id: 'e1222ab85c84d3dcaf3a385ed5fab773') in 0.013514 seconds 
  Import took 0.020239 seconds .

========================================================================
Received Import Request.
  Time since last request: 2.122875 seconds.
  path: Assets/Scenes/Game.unity
  artifactKey: Guid(13712b72cac1b5e49a7bb9a372956c24) Importer(815301076,1909f56bfc062723c751e8b465ee728b)
Start importing Assets/Scenes/Game.unity using Guid(13712b72cac1b5e49a7bb9a372956c24) Importer(815301076,1909f56bfc062723c751e8b465ee728b)  -> (artifact id: '2cd2874fcbad4d71a8486d44f7dad8b1') in 0.014606 seconds 
  Import took 0.020801 seconds .

AssetImportWorkerClient::OnTransportError - code=2 error=End of file
